
*** Running vivado
    with args -log irom.vds -m64 -mode batch -messageDb vivado.pb -source irom.tcl


****** Vivado v2014.4 (64-bit)
  **** SW Build 1071353 on Tue Nov 18 18:29:27 MST 2014
  **** IP Build 1070531 on Tue Nov 18 01:10:18 MST 2014
    ** Copyright 1986-2014 Xilinx, Inc. All Rights Reserved.

source irom.tcl
# set_param gui.test TreeTableDev
# debug::add_scope template.lib 1
# set_msg_config -id {HDL 9-1061} -limit 100000
# set_msg_config -id {HDL 9-1654} -limit 100000
# create_project -in_memory -part xc7a35tcpg236-1
# set_param project.compositeFile.enableAutoGeneration 0
# set_param synth.vivado.isSynthRun true
# set_msg_config -id {IP_Flow 19-2162} -severity warning -new_severity info
# set_property webtalk.parent_dir F:/minimipsb3/minimips/minimips.cache/wt [current_project]
# set_property parent.project_path F:/minimipsb3/minimips/minimips.xpr [current_project]
# set_property default_lib xil_defaultlib [current_project]
# set_property target_language Verilog [current_project]
# read_ip F:/minimipsb3/minimips/minimips.srcs/sources_1/ip/irom/irom.xci
INFO: [IP_Flow 19-234] Refreshing IP repositories
INFO: [IP_Flow 19-1704] No user IP repositories specified
INFO: [IP_Flow 19-2313] Loaded Vivado IP repository 'G:/Xilinx/Vivado/2014.4/data/ip'.
WARNING: [IP_Flow 19-3664] IP 'irom' generated file not found 'f:/minimipsb3/minimips/minimips.srcs/sources_1/ip/irom/irom.dcp'. Please regenerate to continue.
WARNING: [IP_Flow 19-3664] IP 'irom' generated file not found 'f:/minimipsb3/minimips/minimips.srcs/sources_1/ip/irom/irom_stub.v'. Please regenerate to continue.
WARNING: [IP_Flow 19-3664] IP 'irom' generated file not found 'f:/minimipsb3/minimips/minimips.srcs/sources_1/ip/irom/irom_stub.vhdl'. Please regenerate to continue.
WARNING: [IP_Flow 19-3664] IP 'irom' generated file not found 'f:/minimipsb3/minimips/minimips.srcs/sources_1/ip/irom/irom_funcsim.v'. Please regenerate to continue.
WARNING: [IP_Flow 19-3664] IP 'irom' generated file not found 'f:/minimipsb3/minimips/minimips.srcs/sources_1/ip/irom/irom_funcsim.vhdl'. Please regenerate to continue.
# set_property used_in_implementation false [get_files -all f:/minimipsb3/minimips/minimips.srcs/sources_1/ip/irom/irom.dcp]
# set_property is_locked true [get_files F:/minimipsb3/minimips/minimips.srcs/sources_1/ip/irom/irom.xci]
# read_xdc dont_touch.xdc
# set_property used_in_implementation false [get_files dont_touch.xdc]
# catch { write_hwdef -file irom.hwdef }
INFO: [Vivado_Tcl 4-279] hardware handoff file cannot be generated as there is no block diagram instance in the design
# synth_design -top irom -part xc7a35tcpg236-1 -mode out_of_context
Command: synth_design -top irom -part xc7a35tcpg236-1 -mode out_of_context
Starting synth_design
Attempting to get a license for feature 'Synthesis' and/or device 'xc7a35t'
INFO: [Common 17-349] Got license for feature 'Synthesis' and/or device 'xc7a35t'
---------------------------------------------------------------------------------
Starting RTL Elaboration : Time (s): cpu = 00:00:07 ; elapsed = 00:00:10 . Memory (MB): peak = 245.000 ; gain = 86.340
---------------------------------------------------------------------------------
INFO: [Synth 8-638] synthesizing module 'irom' [f:/minimipsb3/minimips/minimips.srcs/sources_1/ip/irom/synth/irom.vhd:66]
	Parameter C_FAMILY bound to: artix7 - type: string 
	Parameter C_ADDR_WIDTH bound to: 10 - type: integer 
	Parameter C_DEFAULT_DATA bound to: 0 - type: string 
	Parameter C_DEPTH bound to: 1024 - type: integer 
	Parameter C_HAS_CLK bound to: 0 - type: integer 
	Parameter C_HAS_D bound to: 0 - type: integer 
	Parameter C_HAS_DPO bound to: 0 - type: integer 
	Parameter C_HAS_DPRA bound to: 0 - type: integer 
	Parameter C_HAS_I_CE bound to: 0 - type: integer 
	Parameter C_HAS_QDPO bound to: 0 - type: integer 
	Parameter C_HAS_QDPO_CE bound to: 0 - type: integer 
	Parameter C_HAS_QDPO_CLK bound to: 0 - type: integer 
	Parameter C_HAS_QDPO_RST bound to: 0 - type: integer 
	Parameter C_HAS_QDPO_SRST bound to: 0 - type: integer 
	Parameter C_HAS_QSPO bound to: 0 - type: integer 
	Parameter C_HAS_QSPO_CE bound to: 0 - type: integer 
	Parameter C_HAS_QSPO_RST bound to: 0 - type: integer 
	Parameter C_HAS_QSPO_SRST bound to: 0 - type: integer 
	Parameter C_HAS_SPO bound to: 1 - type: integer 
	Parameter C_HAS_WE bound to: 0 - type: integer 
	Parameter C_MEM_INIT_FILE bound to: irom.mif - type: string 
	Parameter C_ELABORATION_DIR bound to: ./ - type: string 
	Parameter C_MEM_TYPE bound to: 0 - type: integer 
	Parameter C_PIPELINE_STAGES bound to: 0 - type: integer 
	Parameter C_QCE_JOINED bound to: 0 - type: integer 
	Parameter C_QUALIFY_WE bound to: 0 - type: integer 
	Parameter C_READ_MIF bound to: 1 - type: integer 
	Parameter C_REG_A_D_INPUTS bound to: 0 - type: integer 
	Parameter C_REG_DPRA_INPUT bound to: 0 - type: integer 
	Parameter C_SYNC_ENABLE bound to: 1 - type: integer 
	Parameter C_WIDTH bound to: 32 - type: integer 
	Parameter C_PARSER_TYPE bound to: 1 - type: integer 
INFO: [Synth 8-3491] module 'dist_mem_gen_v8_0' declared at 'f:/minimipsb3/minimips/minimips.srcs/sources_1/ip/irom/dist_mem_gen_v8_0/hdl/dist_mem_gen_v8_0.vhd:130' bound to instance 'U0' of component 'dist_mem_gen_v8_0' [f:/minimipsb3/minimips/minimips.srcs/sources_1/ip/irom/synth/irom.vhd:132]
INFO: [Synth 8-638] synthesizing module 'dist_mem_gen_v8_0__parameterized0' [f:/minimipsb3/minimips/minimips.srcs/sources_1/ip/irom/dist_mem_gen_v8_0/hdl/dist_mem_gen_v8_0.vhd:186]
	Parameter C_FAMILY bound to: artix7 - type: string 
	Parameter C_ADDR_WIDTH bound to: 10 - type: integer 
	Parameter C_DEFAULT_DATA bound to: 0 - type: string 
	Parameter C_DEPTH bound to: 1024 - type: integer 
	Parameter C_HAS_CLK bound to: 0 - type: integer 
	Parameter C_HAS_D bound to: 0 - type: integer 
	Parameter C_HAS_DPO bound to: 0 - type: integer 
	Parameter C_HAS_DPRA bound to: 0 - type: integer 
	Parameter C_HAS_I_CE bound to: 0 - type: integer 
	Parameter C_HAS_QDPO bound to: 0 - type: integer 
	Parameter C_HAS_QDPO_CE bound to: 0 - type: integer 
	Parameter C_HAS_QDPO_CLK bound to: 0 - type: integer 
	Parameter C_HAS_QDPO_RST bound to: 0 - type: integer 
	Parameter C_HAS_QDPO_SRST bound to: 0 - type: integer 
	Parameter C_HAS_QSPO bound to: 0 - type: integer 
	Parameter C_HAS_QSPO_CE bound to: 0 - type: integer 
	Parameter C_HAS_QSPO_RST bound to: 0 - type: integer 
	Parameter C_HAS_QSPO_SRST bound to: 0 - type: integer 
	Parameter C_HAS_SPO bound to: 1 - type: integer 
	Parameter C_HAS_WE bound to: 0 - type: integer 
	Parameter C_MEM_INIT_FILE bound to: irom.mif - type: string 
	Parameter C_ELABORATION_DIR bound to: ./ - type: string 
	Parameter C_MEM_TYPE bound to: 0 - type: integer 
	Parameter C_PIPELINE_STAGES bound to: 0 - type: integer 
	Parameter C_QCE_JOINED bound to: 0 - type: integer 
	Parameter C_QUALIFY_WE bound to: 0 - type: integer 
	Parameter C_READ_MIF bound to: 1 - type: integer 
	Parameter C_REG_A_D_INPUTS bound to: 0 - type: integer 
	Parameter C_REG_DPRA_INPUT bound to: 0 - type: integer 
	Parameter C_SYNC_ENABLE bound to: 1 - type: integer 
	Parameter C_WIDTH bound to: 32 - type: integer 
	Parameter C_PARSER_TYPE bound to: 1 - type: integer 
INFO: [Synth 8-638] synthesizing module 'dist_mem_gen_v8_0_synth' [f:/minimipsb3/minimips/minimips.srcs/sources_1/ip/irom/dist_mem_gen_v8_0/hdl/dist_mem_gen_v8_0_vhsyn_rfs.vhd:2867]
	Parameter C_FAMILY bound to: artix7 - type: string 
	Parameter C_ADDR_WIDTH bound to: 10 - type: integer 
	Parameter C_DEFAULT_DATA bound to: 0 - type: string 
	Parameter C_DEPTH bound to: 1024 - type: integer 
	Parameter C_HAS_CLK bound to: 0 - type: integer 
	Parameter C_HAS_D bound to: 0 - type: integer 
	Parameter C_HAS_DPO bound to: 0 - type: integer 
	Parameter C_HAS_DPRA bound to: 0 - type: integer 
	Parameter C_HAS_I_CE bound to: 0 - type: integer 
	Parameter C_HAS_QDPO bound to: 0 - type: integer 
	Parameter C_HAS_QDPO_CE bound to: 0 - type: integer 
	Parameter C_HAS_QDPO_CLK bound to: 0 - type: integer 
	Parameter C_HAS_QDPO_RST bound to: 0 - type: integer 
	Parameter C_HAS_QDPO_SRST bound to: 0 - type: integer 
	Parameter C_HAS_QSPO bound to: 0 - type: integer 
	Parameter C_HAS_QSPO_CE bound to: 0 - type: integer 
	Parameter C_HAS_QSPO_RST bound to: 0 - type: integer 
	Parameter C_HAS_QSPO_SRST bound to: 0 - type: integer 
	Parameter C_HAS_SPO bound to: 1 - type: integer 
	Parameter C_HAS_WE bound to: 0 - type: integer 
	Parameter C_MEM_INIT_FILE bound to: irom.mif - type: string 
	Parameter C_ELABORATION_DIR bound to: ./ - type: string 
	Parameter C_MEM_TYPE bound to: 0 - type: integer 
	Parameter C_PIPELINE_STAGES bound to: 0 - type: integer 
	Parameter C_QCE_JOINED bound to: 0 - type: integer 
	Parameter C_QUALIFY_WE bound to: 0 - type: integer 
	Parameter C_READ_MIF bound to: 1 - type: integer 
	Parameter C_REG_A_D_INPUTS bound to: 0 - type: integer 
	Parameter C_REG_DPRA_INPUT bound to: 0 - type: integer 
	Parameter C_SYNC_ENABLE bound to: 1 - type: integer 
	Parameter C_WIDTH bound to: 32 - type: integer 
	Parameter C_PARSER_TYPE bound to: 0 - type: integer 
	Parameter c_addr_width bound to: 10 - type: integer 
	Parameter c_depth bound to: 1024 - type: integer 
	Parameter c_width bound to: 32 - type: integer 
	Parameter c_default_data bound to: 0 - type: string 
	Parameter c_mem_init_file bound to: irom.mif - type: string 
	Parameter c_elaboration_dir bound to: ./ - type: string 
	Parameter c_read_mif bound to: 1 - type: integer 
	Parameter c_reg_a_d_inputs bound to: 0 - type: integer 
	Parameter c_has_clk bound to: 0 - type: integer 
	Parameter c_has_qspo_ce bound to: 0 - type: integer 
	Parameter c_has_qspo_rst bound to: 0 - type: integer 
	Parameter c_has_qspo_srst bound to: 0 - type: integer 
	Parameter c_has_spo bound to: 1 - type: integer 
	Parameter c_has_qspo bound to: 0 - type: integer 
	Parameter c_sync_enable bound to: 1 - type: integer 
	Parameter c_parser_type bound to: 0 - type: integer 
INFO: [Synth 8-3491] module 'rom' declared at 'f:/minimipsb3/minimips/minimips.srcs/sources_1/ip/irom/dist_mem_gen_v8_0/hdl/dist_mem_gen_v8_0_vhsyn_rfs.vhd:523' bound to instance 'rom_inst' of component 'rom' [f:/minimipsb3/minimips/minimips.srcs/sources_1/ip/irom/dist_mem_gen_v8_0/hdl/dist_mem_gen_v8_0_vhsyn_rfs.vhd:2888]
INFO: [Synth 8-638] synthesizing module 'rom__parameterized0' [f:/minimipsb3/minimips/minimips.srcs/sources_1/ip/irom/dist_mem_gen_v8_0/hdl/dist_mem_gen_v8_0_vhsyn_rfs.vhd:551]
	Parameter c_addr_width bound to: 10 - type: integer 
	Parameter c_depth bound to: 1024 - type: integer 
	Parameter c_width bound to: 32 - type: integer 
	Parameter c_default_data bound to: 0 - type: string 
	Parameter c_mem_init_file bound to: irom.mif - type: string 
	Parameter c_elaboration_dir bound to: ./ - type: string 
	Parameter c_read_mif bound to: 1 - type: integer 
	Parameter c_reg_a_d_inputs bound to: 0 - type: integer 
	Parameter c_has_clk bound to: 0 - type: integer 
	Parameter c_has_qspo_ce bound to: 0 - type: integer 
	Parameter c_has_qspo_rst bound to: 0 - type: integer 
	Parameter c_has_qspo_srst bound to: 0 - type: integer 
	Parameter c_has_spo bound to: 1 - type: integer 
	Parameter c_has_qspo bound to: 0 - type: integer 
	Parameter c_sync_enable bound to: 1 - type: integer 
	Parameter c_parser_type bound to: 0 - type: integer 
INFO: [Synth 8-63] RTL assertion: "MIF file size does not match memory size.Remaining addresses in memory are padded with c_default_data." [f:/minimipsb3/minimips/minimips.srcs/sources_1/ip/irom/dist_mem_gen_v8_0/hdl/dist_mem_gen_v8_0_vhsyn_rfs.vhd:678]
INFO: [Synth 8-4472] Detected and applied attribute rom_style = distributed [f:/minimipsb3/minimips/minimips.srcs/sources_1/ip/irom/dist_mem_gen_v8_0/hdl/dist_mem_gen_v8_0_vhsyn_rfs.vhd:745]
WARNING: [Synth 8-3848] Net qspo in module/entity rom__parameterized0 does not have driver. [f:/minimipsb3/minimips/minimips.srcs/sources_1/ip/irom/dist_mem_gen_v8_0/hdl/dist_mem_gen_v8_0_vhsyn_rfs.vhd:548]
INFO: [Synth 8-256] done synthesizing module 'rom__parameterized0' (1#1) [f:/minimipsb3/minimips/minimips.srcs/sources_1/ip/irom/dist_mem_gen_v8_0/hdl/dist_mem_gen_v8_0_vhsyn_rfs.vhd:551]
WARNING: [Synth 8-3848] Net dpo in module/entity dist_mem_gen_v8_0_synth does not have driver. [f:/minimipsb3/minimips/minimips.srcs/sources_1/ip/irom/dist_mem_gen_v8_0/hdl/dist_mem_gen_v8_0_vhsyn_rfs.vhd:2859]
WARNING: [Synth 8-3848] Net qdpo in module/entity dist_mem_gen_v8_0_synth does not have driver. [f:/minimipsb3/minimips/minimips.srcs/sources_1/ip/irom/dist_mem_gen_v8_0/hdl/dist_mem_gen_v8_0_vhsyn_rfs.vhd:2861]
INFO: [Synth 8-256] done synthesizing module 'dist_mem_gen_v8_0_synth' (2#1) [f:/minimipsb3/minimips/minimips.srcs/sources_1/ip/irom/dist_mem_gen_v8_0/hdl/dist_mem_gen_v8_0_vhsyn_rfs.vhd:2867]
WARNING: [Synth 8-3848] Net gnd_bus in module/entity dist_mem_gen_v8_0__parameterized0 does not have driver. [f:/minimipsb3/minimips/minimips.srcs/sources_1/ip/irom/dist_mem_gen_v8_0/hdl/dist_mem_gen_v8_0.vhd:214]
WARNING: [Synth 8-3848] Net gnd in module/entity dist_mem_gen_v8_0__parameterized0 does not have driver. [f:/minimipsb3/minimips/minimips.srcs/sources_1/ip/irom/dist_mem_gen_v8_0/hdl/dist_mem_gen_v8_0.vhd:213]
WARNING: [Synth 8-3848] Net vcc in module/entity dist_mem_gen_v8_0__parameterized0 does not have driver. [f:/minimipsb3/minimips/minimips.srcs/sources_1/ip/irom/dist_mem_gen_v8_0/hdl/dist_mem_gen_v8_0.vhd:215]
INFO: [Synth 8-256] done synthesizing module 'dist_mem_gen_v8_0__parameterized0' (3#1) [f:/minimipsb3/minimips/minimips.srcs/sources_1/ip/irom/dist_mem_gen_v8_0/hdl/dist_mem_gen_v8_0.vhd:186]
INFO: [Synth 8-256] done synthesizing module 'irom' (4#1) [f:/minimipsb3/minimips/minimips.srcs/sources_1/ip/irom/synth/irom.vhd:66]
---------------------------------------------------------------------------------
Finished RTL Elaboration : Time (s): cpu = 00:00:11 ; elapsed = 00:00:14 . Memory (MB): peak = 283.012 ; gain = 124.352
---------------------------------------------------------------------------------

Report Check Netlist: 
+------+------------------+-------+---------+-------+------------------+
|      |Item              |Errors |Warnings |Status |Description       |
+------+------------------+-------+---------+-------+------------------+
|1     |multi_driven_nets |      0|        0|Passed |Multi driven nets |
+------+------------------+-------+---------+-------+------------------+
WARNING: [Synth 8-3295] tying undriven pin \synth_options.dist_mem_inst :d[31] to constant 0 [f:/minimipsb3/minimips/minimips.srcs/sources_1/ip/irom/dist_mem_gen_v8_0/hdl/dist_mem_gen_v8_0.vhd:222]
WARNING: [Synth 8-3295] tying undriven pin \synth_options.dist_mem_inst :d[30] to constant 0 [f:/minimipsb3/minimips/minimips.srcs/sources_1/ip/irom/dist_mem_gen_v8_0/hdl/dist_mem_gen_v8_0.vhd:222]
WARNING: [Synth 8-3295] tying undriven pin \synth_options.dist_mem_inst :d[29] to constant 0 [f:/minimipsb3/minimips/minimips.srcs/sources_1/ip/irom/dist_mem_gen_v8_0/hdl/dist_mem_gen_v8_0.vhd:222]
WARNING: [Synth 8-3295] tying undriven pin \synth_options.dist_mem_inst :d[28] to constant 0 [f:/minimipsb3/minimips/minimips.srcs/sources_1/ip/irom/dist_mem_gen_v8_0/hdl/dist_mem_gen_v8_0.vhd:222]
WARNING: [Synth 8-3295] tying undriven pin \synth_options.dist_mem_inst :d[27] to constant 0 [f:/minimipsb3/minimips/minimips.srcs/sources_1/ip/irom/dist_mem_gen_v8_0/hdl/dist_mem_gen_v8_0.vhd:222]
WARNING: [Synth 8-3295] tying undriven pin \synth_options.dist_mem_inst :d[26] to constant 0 [f:/minimipsb3/minimips/minimips.srcs/sources_1/ip/irom/dist_mem_gen_v8_0/hdl/dist_mem_gen_v8_0.vhd:222]
WARNING: [Synth 8-3295] tying undriven pin \synth_options.dist_mem_inst :d[25] to constant 0 [f:/minimipsb3/minimips/minimips.srcs/sources_1/ip/irom/dist_mem_gen_v8_0/hdl/dist_mem_gen_v8_0.vhd:222]
WARNING: [Synth 8-3295] tying undriven pin \synth_options.dist_mem_inst :d[24] to constant 0 [f:/minimipsb3/minimips/minimips.srcs/sources_1/ip/irom/dist_mem_gen_v8_0/hdl/dist_mem_gen_v8_0.vhd:222]
WARNING: [Synth 8-3295] tying undriven pin \synth_options.dist_mem_inst :d[23] to constant 0 [f:/minimipsb3/minimips/minimips.srcs/sources_1/ip/irom/dist_mem_gen_v8_0/hdl/dist_mem_gen_v8_0.vhd:222]
WARNING: [Synth 8-3295] tying undriven pin \synth_options.dist_mem_inst :d[22] to constant 0 [f:/minimipsb3/minimips/minimips.srcs/sources_1/ip/irom/dist_mem_gen_v8_0/hdl/dist_mem_gen_v8_0.vhd:222]
WARNING: [Synth 8-3295] tying undriven pin \synth_options.dist_mem_inst :d[21] to constant 0 [f:/minimipsb3/minimips/minimips.srcs/sources_1/ip/irom/dist_mem_gen_v8_0/hdl/dist_mem_gen_v8_0.vhd:222]
WARNING: [Synth 8-3295] tying undriven pin \synth_options.dist_mem_inst :d[20] to constant 0 [f:/minimipsb3/minimips/minimips.srcs/sources_1/ip/irom/dist_mem_gen_v8_0/hdl/dist_mem_gen_v8_0.vhd:222]
WARNING: [Synth 8-3295] tying undriven pin \synth_options.dist_mem_inst :d[19] to constant 0 [f:/minimipsb3/minimips/minimips.srcs/sources_1/ip/irom/dist_mem_gen_v8_0/hdl/dist_mem_gen_v8_0.vhd:222]
WARNING: [Synth 8-3295] tying undriven pin \synth_options.dist_mem_inst :d[18] to constant 0 [f:/minimipsb3/minimips/minimips.srcs/sources_1/ip/irom/dist_mem_gen_v8_0/hdl/dist_mem_gen_v8_0.vhd:222]
WARNING: [Synth 8-3295] tying undriven pin \synth_options.dist_mem_inst :d[17] to constant 0 [f:/minimipsb3/minimips/minimips.srcs/sources_1/ip/irom/dist_mem_gen_v8_0/hdl/dist_mem_gen_v8_0.vhd:222]
WARNING: [Synth 8-3295] tying undriven pin \synth_options.dist_mem_inst :d[16] to constant 0 [f:/minimipsb3/minimips/minimips.srcs/sources_1/ip/irom/dist_mem_gen_v8_0/hdl/dist_mem_gen_v8_0.vhd:222]
WARNING: [Synth 8-3295] tying undriven pin \synth_options.dist_mem_inst :d[15] to constant 0 [f:/minimipsb3/minimips/minimips.srcs/sources_1/ip/irom/dist_mem_gen_v8_0/hdl/dist_mem_gen_v8_0.vhd:222]
WARNING: [Synth 8-3295] tying undriven pin \synth_options.dist_mem_inst :d[14] to constant 0 [f:/minimipsb3/minimips/minimips.srcs/sources_1/ip/irom/dist_mem_gen_v8_0/hdl/dist_mem_gen_v8_0.vhd:222]
WARNING: [Synth 8-3295] tying undriven pin \synth_options.dist_mem_inst :d[13] to constant 0 [f:/minimipsb3/minimips/minimips.srcs/sources_1/ip/irom/dist_mem_gen_v8_0/hdl/dist_mem_gen_v8_0.vhd:222]
WARNING: [Synth 8-3295] tying undriven pin \synth_options.dist_mem_inst :d[12] to constant 0 [f:/minimipsb3/minimips/minimips.srcs/sources_1/ip/irom/dist_mem_gen_v8_0/hdl/dist_mem_gen_v8_0.vhd:222]
WARNING: [Synth 8-3295] tying undriven pin \synth_options.dist_mem_inst :d[11] to constant 0 [f:/minimipsb3/minimips/minimips.srcs/sources_1/ip/irom/dist_mem_gen_v8_0/hdl/dist_mem_gen_v8_0.vhd:222]
WARNING: [Synth 8-3295] tying undriven pin \synth_options.dist_mem_inst :d[10] to constant 0 [f:/minimipsb3/minimips/minimips.srcs/sources_1/ip/irom/dist_mem_gen_v8_0/hdl/dist_mem_gen_v8_0.vhd:222]
WARNING: [Synth 8-3295] tying undriven pin \synth_options.dist_mem_inst :d[9] to constant 0 [f:/minimipsb3/minimips/minimips.srcs/sources_1/ip/irom/dist_mem_gen_v8_0/hdl/dist_mem_gen_v8_0.vhd:222]
WARNING: [Synth 8-3295] tying undriven pin \synth_options.dist_mem_inst :d[8] to constant 0 [f:/minimipsb3/minimips/minimips.srcs/sources_1/ip/irom/dist_mem_gen_v8_0/hdl/dist_mem_gen_v8_0.vhd:222]
WARNING: [Synth 8-3295] tying undriven pin \synth_options.dist_mem_inst :d[7] to constant 0 [f:/minimipsb3/minimips/minimips.srcs/sources_1/ip/irom/dist_mem_gen_v8_0/hdl/dist_mem_gen_v8_0.vhd:222]
WARNING: [Synth 8-3295] tying undriven pin \synth_options.dist_mem_inst :d[6] to constant 0 [f:/minimipsb3/minimips/minimips.srcs/sources_1/ip/irom/dist_mem_gen_v8_0/hdl/dist_mem_gen_v8_0.vhd:222]
WARNING: [Synth 8-3295] tying undriven pin \synth_options.dist_mem_inst :d[5] to constant 0 [f:/minimipsb3/minimips/minimips.srcs/sources_1/ip/irom/dist_mem_gen_v8_0/hdl/dist_mem_gen_v8_0.vhd:222]
WARNING: [Synth 8-3295] tying undriven pin \synth_options.dist_mem_inst :d[4] to constant 0 [f:/minimipsb3/minimips/minimips.srcs/sources_1/ip/irom/dist_mem_gen_v8_0/hdl/dist_mem_gen_v8_0.vhd:222]
WARNING: [Synth 8-3295] tying undriven pin \synth_options.dist_mem_inst :d[3] to constant 0 [f:/minimipsb3/minimips/minimips.srcs/sources_1/ip/irom/dist_mem_gen_v8_0/hdl/dist_mem_gen_v8_0.vhd:222]
WARNING: [Synth 8-3295] tying undriven pin \synth_options.dist_mem_inst :d[2] to constant 0 [f:/minimipsb3/minimips/minimips.srcs/sources_1/ip/irom/dist_mem_gen_v8_0/hdl/dist_mem_gen_v8_0.vhd:222]
WARNING: [Synth 8-3295] tying undriven pin \synth_options.dist_mem_inst :d[1] to constant 0 [f:/minimipsb3/minimips/minimips.srcs/sources_1/ip/irom/dist_mem_gen_v8_0/hdl/dist_mem_gen_v8_0.vhd:222]
WARNING: [Synth 8-3295] tying undriven pin \synth_options.dist_mem_inst :d[0] to constant 0 [f:/minimipsb3/minimips/minimips.srcs/sources_1/ip/irom/dist_mem_gen_v8_0/hdl/dist_mem_gen_v8_0.vhd:222]
WARNING: [Synth 8-3295] tying undriven pin \synth_options.dist_mem_inst :dpra[9] to constant 0 [f:/minimipsb3/minimips/minimips.srcs/sources_1/ip/irom/dist_mem_gen_v8_0/hdl/dist_mem_gen_v8_0.vhd:222]
WARNING: [Synth 8-3295] tying undriven pin \synth_options.dist_mem_inst :dpra[8] to constant 0 [f:/minimipsb3/minimips/minimips.srcs/sources_1/ip/irom/dist_mem_gen_v8_0/hdl/dist_mem_gen_v8_0.vhd:222]
WARNING: [Synth 8-3295] tying undriven pin \synth_options.dist_mem_inst :dpra[7] to constant 0 [f:/minimipsb3/minimips/minimips.srcs/sources_1/ip/irom/dist_mem_gen_v8_0/hdl/dist_mem_gen_v8_0.vhd:222]
WARNING: [Synth 8-3295] tying undriven pin \synth_options.dist_mem_inst :dpra[6] to constant 0 [f:/minimipsb3/minimips/minimips.srcs/sources_1/ip/irom/dist_mem_gen_v8_0/hdl/dist_mem_gen_v8_0.vhd:222]
WARNING: [Synth 8-3295] tying undriven pin \synth_options.dist_mem_inst :dpra[5] to constant 0 [f:/minimipsb3/minimips/minimips.srcs/sources_1/ip/irom/dist_mem_gen_v8_0/hdl/dist_mem_gen_v8_0.vhd:222]
WARNING: [Synth 8-3295] tying undriven pin \synth_options.dist_mem_inst :dpra[4] to constant 0 [f:/minimipsb3/minimips/minimips.srcs/sources_1/ip/irom/dist_mem_gen_v8_0/hdl/dist_mem_gen_v8_0.vhd:222]
WARNING: [Synth 8-3295] tying undriven pin \synth_options.dist_mem_inst :dpra[3] to constant 0 [f:/minimipsb3/minimips/minimips.srcs/sources_1/ip/irom/dist_mem_gen_v8_0/hdl/dist_mem_gen_v8_0.vhd:222]
WARNING: [Synth 8-3295] tying undriven pin \synth_options.dist_mem_inst :dpra[2] to constant 0 [f:/minimipsb3/minimips/minimips.srcs/sources_1/ip/irom/dist_mem_gen_v8_0/hdl/dist_mem_gen_v8_0.vhd:222]
WARNING: [Synth 8-3295] tying undriven pin \synth_options.dist_mem_inst :dpra[1] to constant 0 [f:/minimipsb3/minimips/minimips.srcs/sources_1/ip/irom/dist_mem_gen_v8_0/hdl/dist_mem_gen_v8_0.vhd:222]
WARNING: [Synth 8-3295] tying undriven pin \synth_options.dist_mem_inst :dpra[0] to constant 0 [f:/minimipsb3/minimips/minimips.srcs/sources_1/ip/irom/dist_mem_gen_v8_0/hdl/dist_mem_gen_v8_0.vhd:222]
WARNING: [Synth 8-3295] tying undriven pin \synth_options.dist_mem_inst :clk to constant 0 [f:/minimipsb3/minimips/minimips.srcs/sources_1/ip/irom/dist_mem_gen_v8_0/hdl/dist_mem_gen_v8_0.vhd:222]
WARNING: [Synth 8-3295] tying undriven pin \synth_options.dist_mem_inst :we to constant 0 [f:/minimipsb3/minimips/minimips.srcs/sources_1/ip/irom/dist_mem_gen_v8_0/hdl/dist_mem_gen_v8_0.vhd:222]
WARNING: [Synth 8-3295] tying undriven pin \synth_options.dist_mem_inst :i_ce to constant 0 [f:/minimipsb3/minimips/minimips.srcs/sources_1/ip/irom/dist_mem_gen_v8_0/hdl/dist_mem_gen_v8_0.vhd:222]
WARNING: [Synth 8-3295] tying undriven pin \synth_options.dist_mem_inst :qspo_ce to constant 0 [f:/minimipsb3/minimips/minimips.srcs/sources_1/ip/irom/dist_mem_gen_v8_0/hdl/dist_mem_gen_v8_0.vhd:222]
WARNING: [Synth 8-3295] tying undriven pin \synth_options.dist_mem_inst :qdpo_ce to constant 0 [f:/minimipsb3/minimips/minimips.srcs/sources_1/ip/irom/dist_mem_gen_v8_0/hdl/dist_mem_gen_v8_0.vhd:222]
WARNING: [Synth 8-3295] tying undriven pin \synth_options.dist_mem_inst :qdpo_clk to constant 0 [f:/minimipsb3/minimips/minimips.srcs/sources_1/ip/irom/dist_mem_gen_v8_0/hdl/dist_mem_gen_v8_0.vhd:222]
WARNING: [Synth 8-3295] tying undriven pin \synth_options.dist_mem_inst :qspo_rst to constant 0 [f:/minimipsb3/minimips/minimips.srcs/sources_1/ip/irom/dist_mem_gen_v8_0/hdl/dist_mem_gen_v8_0.vhd:222]
WARNING: [Synth 8-3295] tying undriven pin \synth_options.dist_mem_inst :qdpo_rst to constant 0 [f:/minimipsb3/minimips/minimips.srcs/sources_1/ip/irom/dist_mem_gen_v8_0/hdl/dist_mem_gen_v8_0.vhd:222]
WARNING: [Synth 8-3295] tying undriven pin \synth_options.dist_mem_inst :qspo_srst to constant 0 [f:/minimipsb3/minimips/minimips.srcs/sources_1/ip/irom/dist_mem_gen_v8_0/hdl/dist_mem_gen_v8_0.vhd:222]
WARNING: [Synth 8-3295] tying undriven pin \synth_options.dist_mem_inst :qdpo_srst to constant 0 [f:/minimipsb3/minimips/minimips.srcs/sources_1/ip/irom/dist_mem_gen_v8_0/hdl/dist_mem_gen_v8_0.vhd:222]
---------------------------------------------------------------------------------
Finished RTL Optimization Phase 1 : Time (s): cpu = 00:00:11 ; elapsed = 00:00:15 . Memory (MB): peak = 283.012 ; gain = 124.352
---------------------------------------------------------------------------------
Loading clock regions from G:/Xilinx/Vivado/2014.4/data\parts/xilinx/artix7/artix7/xc7a35t/ClockRegion.xml
Loading clock buffers from G:/Xilinx/Vivado/2014.4/data\parts/xilinx/artix7/artix7/xc7a35t/ClockBuffers.xml
Loading clock placement rules from G:/Xilinx/Vivado/2014.4/data/parts/xilinx/artix7/ClockPlacerRules.xml
Loading package pin functions from G:/Xilinx/Vivado/2014.4/data\parts/xilinx/artix7/PinFunctions.xml...
Loading package from G:/Xilinx/Vivado/2014.4/data\parts/xilinx/artix7/artix7/xc7a35t/cpg236/Package.xml
Loading io standards from G:/Xilinx/Vivado/2014.4/data\./parts/xilinx/artix7/IOStandards.xml
Loading device configuration modes from G:/Xilinx/Vivado/2014.4/data\parts/xilinx/artix7/ConfigModes.xml
INFO: [Project 1-570] Preparing netlist for logic optimization

Processing XDC Constraints
Initializing timing engine
Parsing XDC File [f:/minimipsb3/minimips/minimips.srcs/sources_1/ip/irom/irom_ooc.xdc] for cell 'U0'
Finished Parsing XDC File [f:/minimipsb3/minimips/minimips.srcs/sources_1/ip/irom/irom_ooc.xdc] for cell 'U0'
Parsing XDC File [F:/minimipsb3/minimips/minimips.runs/irom_synth_1/dont_touch.xdc]
Finished Parsing XDC File [F:/minimipsb3/minimips/minimips.runs/irom_synth_1/dont_touch.xdc]
Completed Processing XDC Constraints

INFO: [Project 1-111] Unisim Transformation Summary:
No Unisim elements were transformed.

Constraint Validation Runtime : Time (s): cpu = 00:00:00 ; elapsed = 00:00:00.011 . Memory (MB): peak = 488.027 ; gain = 0.000
---------------------------------------------------------------------------------
Finished Constraint Validation : Time (s): cpu = 00:00:19 ; elapsed = 00:00:24 . Memory (MB): peak = 488.027 ; gain = 329.367
---------------------------------------------------------------------------------
---------------------------------------------------------------------------------
Start Loading Part and Timing Information
---------------------------------------------------------------------------------
Loading part: xc7a35tcpg236-1
---------------------------------------------------------------------------------
Finished Loading Part and Timing Information : Time (s): cpu = 00:00:19 ; elapsed = 00:00:24 . Memory (MB): peak = 488.027 ; gain = 329.367
---------------------------------------------------------------------------------
---------------------------------------------------------------------------------
Start Applying 'set_property' XDC Constraints
---------------------------------------------------------------------------------
Applied set_property DONT_TOUCH = true for U0. (constraint file  F:/minimipsb3/minimips/minimips.runs/irom_synth_1/dont_touch.xdc, line 9).
---------------------------------------------------------------------------------
Finished applying 'set_property' XDC Constraints : Time (s): cpu = 00:00:19 ; elapsed = 00:00:24 . Memory (MB): peak = 488.027 ; gain = 329.367
---------------------------------------------------------------------------------
WARNING: [Synth 8-3848] Net qspo in module/entity rom__parameterized0 does not have driver. [f:/minimipsb3/minimips/minimips.srcs/sources_1/ip/irom/dist_mem_gen_v8_0/hdl/dist_mem_gen_v8_0_vhsyn_rfs.vhd:548]
WARNING: [Synth 8-3848] Net dpo in module/entity dist_mem_gen_v8_0_synth does not have driver. [f:/minimipsb3/minimips/minimips.srcs/sources_1/ip/irom/dist_mem_gen_v8_0/hdl/dist_mem_gen_v8_0_vhsyn_rfs.vhd:2859]
WARNING: [Synth 8-3848] Net qdpo in module/entity dist_mem_gen_v8_0_synth does not have driver. [f:/minimipsb3/minimips/minimips.srcs/sources_1/ip/irom/dist_mem_gen_v8_0/hdl/dist_mem_gen_v8_0_vhsyn_rfs.vhd:2861]
WARNING: [Synth 8-3848] Net gnd_bus in module/entity dist_mem_gen_v8_0__parameterized0 does not have driver. [f:/minimipsb3/minimips/minimips.srcs/sources_1/ip/irom/dist_mem_gen_v8_0/hdl/dist_mem_gen_v8_0.vhd:214]
WARNING: [Synth 8-3848] Net gnd in module/entity dist_mem_gen_v8_0__parameterized0 does not have driver. [f:/minimipsb3/minimips/minimips.srcs/sources_1/ip/irom/dist_mem_gen_v8_0/hdl/dist_mem_gen_v8_0.vhd:213]
WARNING: [Synth 8-3848] Net vcc in module/entity dist_mem_gen_v8_0__parameterized0 does not have driver. [f:/minimipsb3/minimips/minimips.srcs/sources_1/ip/irom/dist_mem_gen_v8_0/hdl/dist_mem_gen_v8_0.vhd:215]
---------------------------------------------------------------------------------
Finished RTL Optimization Phase 2 : Time (s): cpu = 00:00:20 ; elapsed = 00:00:24 . Memory (MB): peak = 488.027 ; gain = 329.367
---------------------------------------------------------------------------------

Report RTL Partitions: 
+-+--------------+------------+----------+
| |RTL Partition |Replication |Instances |
+-+--------------+------------+----------+
+-+--------------+------------+----------+
---------------------------------------------------------------------------------
Start RTL Component Statistics 
---------------------------------------------------------------------------------
Detailed RTL Component Info : 
---------------------------------------------------------------------------------
Finished RTL Component Statistics 
---------------------------------------------------------------------------------
---------------------------------------------------------------------------------
Start RTL Hierarchical Component Statistics 
---------------------------------------------------------------------------------
Hierarchical RTL Component report 
Module irom 
Detailed RTL Component Info : 
Module rom__parameterized0 
Detailed RTL Component Info : 
Module dist_mem_gen_v8_0_synth 
Detailed RTL Component Info : 
Module dist_mem_gen_v8_0__parameterized0 
Detailed RTL Component Info : 
---------------------------------------------------------------------------------
Finished RTL Hierarchical Component Statistics
---------------------------------------------------------------------------------
---------------------------------------------------------------------------------
Start Part Resource Summary
---------------------------------------------------------------------------------
Part Resources:
DSPs: 120 (col length:60)
BRAMs: 150 (col length: RAMB18 60 RAMB36 30)
---------------------------------------------------------------------------------
Finished Part Resource Summary
---------------------------------------------------------------------------------
Start Parallel Synthesis Optimization  : Time (s): cpu = 00:00:20 ; elapsed = 00:00:24 . Memory (MB): peak = 488.027 ; gain = 329.367
---------------------------------------------------------------------------------
Start Cross Boundary Optimization
---------------------------------------------------------------------------------
---------------------------------------------------------------------------------
Finished Cross Boundary Optimization : Time (s): cpu = 00:00:20 ; elapsed = 00:00:25 . Memory (MB): peak = 488.027 ; gain = 329.367
---------------------------------------------------------------------------------
Finished Parallel Reinference  : Time (s): cpu = 00:00:20 ; elapsed = 00:00:25 . Memory (MB): peak = 488.027 ; gain = 329.367

Report RTL Partitions: 
+-+--------------+------------+----------+
| |RTL Partition |Replication |Instances |
+-+--------------+------------+----------+
+-+--------------+------------+----------+
---------------------------------------------------------------------------------
Start RAM, DSP and Shift Register Reporting
---------------------------------------------------------------------------------
---------------------------------------------------------------------------------
Finished RAM, DSP and Shift Register Reporting
---------------------------------------------------------------------------------
---------------------------------------------------------------------------------
Start Area Optimization
---------------------------------------------------------------------------------
---------------------------------------------------------------------------------
Finished Area Optimization : Time (s): cpu = 00:00:21 ; elapsed = 00:00:25 . Memory (MB): peak = 491.234 ; gain = 332.574
---------------------------------------------------------------------------------
---------------------------------------------------------------------------------
Finished Area Optimization : Time (s): cpu = 00:00:21 ; elapsed = 00:00:25 . Memory (MB): peak = 491.234 ; gain = 332.574
---------------------------------------------------------------------------------
Finished Parallel Area Optimization  : Time (s): cpu = 00:00:21 ; elapsed = 00:00:25 . Memory (MB): peak = 491.234 ; gain = 332.574

Report RTL Partitions: 
+-+--------------+------------+----------+
| |RTL Partition |Replication |Instances |
+-+--------------+------------+----------+
+-+--------------+------------+----------+
Finished Parallel Synthesis Optimization  : Time (s): cpu = 00:00:21 ; elapsed = 00:00:25 . Memory (MB): peak = 491.234 ; gain = 332.574
---------------------------------------------------------------------------------
Start Timing Optimization
---------------------------------------------------------------------------------
---------------------------------------------------------------------------------
Start Applying XDC Timing Constraints
---------------------------------------------------------------------------------
---------------------------------------------------------------------------------
Finished Applying XDC Timing Constraints : Time (s): cpu = 00:00:34 ; elapsed = 00:00:39 . Memory (MB): peak = 536.816 ; gain = 378.156
---------------------------------------------------------------------------------
---------------------------------------------------------------------------------
Finished Timing Optimization : Time (s): cpu = 00:00:34 ; elapsed = 00:00:39 . Memory (MB): peak = 536.816 ; gain = 378.156
---------------------------------------------------------------------------------

Report RTL Partitions: 
+-+--------------+------------+----------+
| |RTL Partition |Replication |Instances |
+-+--------------+------------+----------+
+-+--------------+------------+----------+
---------------------------------------------------------------------------------
Start Technology Mapping
---------------------------------------------------------------------------------
---------------------------------------------------------------------------------
Finished Technology Mapping : Time (s): cpu = 00:00:34 ; elapsed = 00:00:39 . Memory (MB): peak = 547.313 ; gain = 388.652
---------------------------------------------------------------------------------

Report RTL Partitions: 
+-+--------------+------------+----------+
| |RTL Partition |Replication |Instances |
+-+--------------+------------+----------+
+-+--------------+------------+----------+
---------------------------------------------------------------------------------
Start IO Insertion
---------------------------------------------------------------------------------
---------------------------------------------------------------------------------
Start Flattening Before IO Insertion
---------------------------------------------------------------------------------
---------------------------------------------------------------------------------
Finished Flattening Before IO Insertion
---------------------------------------------------------------------------------
---------------------------------------------------------------------------------
Start Final Netlist Cleanup
---------------------------------------------------------------------------------
---------------------------------------------------------------------------------
Finished Final Netlist Cleanup
---------------------------------------------------------------------------------
---------------------------------------------------------------------------------
Finished IO Insertion : Time (s): cpu = 00:00:34 ; elapsed = 00:00:40 . Memory (MB): peak = 547.313 ; gain = 388.652
---------------------------------------------------------------------------------

Report Check Netlist: 
+------+------------------+-------+---------+-------+------------------+
|      |Item              |Errors |Warnings |Status |Description       |
+------+------------------+-------+---------+-------+------------------+
|1     |multi_driven_nets |      0|        0|Passed |Multi driven nets |
+------+------------------+-------+---------+-------+------------------+
---------------------------------------------------------------------------------
Start Renaming Generated Instances
---------------------------------------------------------------------------------
---------------------------------------------------------------------------------
Finished Renaming Generated Instances : Time (s): cpu = 00:00:34 ; elapsed = 00:00:40 . Memory (MB): peak = 547.313 ; gain = 388.652
---------------------------------------------------------------------------------

Report RTL Partitions: 
+-+--------------+------------+----------+
| |RTL Partition |Replication |Instances |
+-+--------------+------------+----------+
+-+--------------+------------+----------+
---------------------------------------------------------------------------------
Start Rebuilding User Hierarchy
---------------------------------------------------------------------------------
---------------------------------------------------------------------------------
Finished Rebuilding User Hierarchy : Time (s): cpu = 00:00:34 ; elapsed = 00:00:40 . Memory (MB): peak = 547.313 ; gain = 388.652
---------------------------------------------------------------------------------
---------------------------------------------------------------------------------
Start RAM, DSP and Shift Register Reporting
---------------------------------------------------------------------------------
---------------------------------------------------------------------------------
Finished RAM, DSP and Shift Register Reporting
---------------------------------------------------------------------------------
---------------------------------------------------------------------------------
Start Writing Synthesis Report
---------------------------------------------------------------------------------

Report BlackBoxes: 
+-+--------------+----------+
| |BlackBox name |Instances |
+-+--------------+----------+
+-+--------------+----------+

Report Cell Usage: 
+------+-----+------+
|      |Cell |Count |
+------+-----+------+
|1     |LUT5 |    20|
|2     |LUT6 |    14|
+------+-----+------+

Report Instance Areas: 
+------+---------+----------------------------------+------+
|      |Instance |Module                            |Cells |
+------+---------+----------------------------------+------+
|1     |top      |                                  |    34|
|2     |  U0     |dist_mem_gen_v8_0__parameterized0 |    34|
+------+---------+----------------------------------+------+
---------------------------------------------------------------------------------
Finished Writing Synthesis Report : Time (s): cpu = 00:00:34 ; elapsed = 00:00:40 . Memory (MB): peak = 547.313 ; gain = 388.652
---------------------------------------------------------------------------------
Synthesis finished with 0 errors, 0 critical warnings and 6 warnings.
Synthesis Optimization Runtime : Time (s): cpu = 00:00:00 ; elapsed = 00:00:29 . Memory (MB): peak = 547.313 ; gain = 144.113
Synthesis Optimization Complete : Time (s): cpu = 00:00:34 ; elapsed = 00:00:40 . Memory (MB): peak = 547.313 ; gain = 388.652
INFO: [Project 1-571] Translating synthesized netlist
INFO: [Project 1-570] Preparing netlist for logic optimization
Parsing XDC File [f:/minimipsb3/minimips/minimips.srcs/sources_1/ip/irom/irom_ooc.xdc] for cell 'U0'
Finished Parsing XDC File [f:/minimipsb3/minimips/minimips.srcs/sources_1/ip/irom/irom_ooc.xdc] for cell 'U0'
INFO: [Opt 31-138] Pushed 0 inverter(s) to 0 load pin(s).
INFO: [Project 1-111] Unisim Transformation Summary:
No Unisim elements were transformed.

INFO: [Common 17-83] Releasing license: Synthesis
20 Infos, 64 Warnings, 0 Critical Warnings and 0 Errors encountered.
synth_design completed successfully
synth_design: Time (s): cpu = 00:00:34 ; elapsed = 00:00:37 . Memory (MB): peak = 557.188 ; gain = 359.004
# rename_ref -prefix_all irom_
# write_checkpoint -noxdef irom.dcp
# catch { report_utilization -file irom_utilization_synth.rpt -pb irom_utilization_synth.pb }
report_utilization: Time (s): cpu = 00:00:00 ; elapsed = 00:00:00.083 . Memory (MB): peak = 557.188 ; gain = 0.000
# if { [catch {
#   file copy -force F:/minimipsb3/minimips/minimips.runs/irom_synth_1/irom.dcp F:/minimipsb3/minimips/minimips.srcs/sources_1/ip/irom/irom.dcp
# } _RESULT ] } { 
#   error "ERROR: Unable to successfully create or copy the sub-design checkpoint file."
# }
# if { [catch {
#   write_verilog -force -mode synth_stub F:/minimipsb3/minimips/minimips.srcs/sources_1/ip/irom/irom_stub.v
# } _RESULT ] } { 
#   puts "CRITICAL WARNING: Unable to successfully create a Verilog synthesis stub for the sub-design. This may lead to errors in top level synthesis of the design. Error reported: $_RESULT"
# }
# if { [catch {
#   write_vhdl -force -mode synth_stub F:/minimipsb3/minimips/minimips.srcs/sources_1/ip/irom/irom_stub.vhdl
# } _RESULT ] } { 
#   puts "CRITICAL WARNING: Unable to successfully create a VHDL synthesis stub for the sub-design. This may lead to errors in top level synthesis of the design. Error reported: $_RESULT"
# }
# if { [catch {
#   write_verilog -force -mode funcsim F:/minimipsb3/minimips/minimips.srcs/sources_1/ip/irom/irom_funcsim.v
# } _RESULT ] } { 
#   puts "CRITICAL WARNING: Unable to successfully create the Verilog functional simulation sub-design file. Post-Synthesis Functional Simulation with this file may not be possible or may give incorrect results. Error reported: $_RESULT"
# }
# if { [catch {
#   write_vhdl -force -mode funcsim F:/minimipsb3/minimips/minimips.srcs/sources_1/ip/irom/irom_funcsim.vhdl
# } _RESULT ] } { 
#   puts "CRITICAL WARNING: Unable to successfully create the VHDL functional simulation sub-design file. Post-Synthesis Functional Simulation with this file may not be possible or may give incorrect results. Error reported: $_RESULT"
# }
INFO: [Common 17-206] Exiting Vivado at Sat Mar 30 13:08:30 2019...
