Copyright 1986-2018 Xilinx, Inc. All Rights Reserved.
---------------------------------------------------------------------------------------
| Tool Version : Vivado v.2018.2 (win64) Build 2258646 Thu Jun 14 20:03:12 MDT 2018
| Date         : Fri Apr 12 08:36:54 2019
| Host         : DESKTOP-D4VK0AO running 64-bit major release  (build 9200)
| Command      : report_control_sets -verbose -file Basys3_Top_control_sets_placed.rpt
| Design       : Basys3_Top
| Device       : xc7a35t
---------------------------------------------------------------------------------------

Control Set Information

Table of Contents
-----------------
1. Summary
2. Histogram
3. Flip-Flop Distribution
4. Detailed Control Set Information

1. Summary
----------

+----------------------------------------------------------+-------+
|                          Status                          | Count |
+----------------------------------------------------------+-------+
| Number of unique control sets                            |     5 |
| Unused register locations in slices containing registers |     6 |
+----------------------------------------------------------+-------+


2. Histogram
------------

+--------+--------------+
| Fanout | Control Sets |
+--------+--------------+
|    16+ |            5 |
+--------+--------------+


3. Flip-Flop Distribution
-------------------------

+--------------+-----------------------+------------------------+-----------------+--------------+
| Clock Enable | Synchronous Set/Reset | Asynchronous Set/Reset | Total Registers | Total Slices |
+--------------+-----------------------+------------------------+-----------------+--------------+
| No           | No                    | No                     |              64 |           15 |
| No           | No                    | Yes                    |             786 |          139 |
| No           | Yes                   | No                     |               0 |            0 |
| Yes          | No                    | No                     |               0 |            0 |
| Yes          | No                    | Yes                    |              96 |           18 |
| Yes          | Yes                   | No                     |               0 |            0 |
+--------------+-----------------------+------------------------+-----------------+--------------+


4. Detailed Control Set Information
-----------------------------------

+----------------+---------------------------+------------------+------------------+----------------+
|  Clock Signal  |       Enable Signal       | Set/Reset Signal | Slice Load Count | Bel Load Count |
+----------------+---------------------------+------------------+------------------+----------------+
|  clk_IBUF_BUFG | cpu/ex_mem/E[0]           | reset_IBUF       |                6 |             32 |
|  clk_IBUF_BUFG | cpu/ex_mem/led_reg[15][0] | reset_IBUF       |               12 |             64 |
|  n_0_356_BUFG  |                           |                  |               15 |             64 |
|  clk_IBUF_BUFG | cpu/mem_wb/p_0_in__0      |                  |               12 |            192 |
|  clk_IBUF_BUFG |                           | reset_IBUF       |              139 |            786 |
+----------------+---------------------------+------------------+------------------+----------------+


