#-----------------------------------------------------------
# Vivado v2018.2 (64-bit)
# SW Build 2258646 on Thu Jun 14 20:03:12 MDT 2018
# IP Build 2256618 on Thu Jun 14 22:10:49 MDT 2018
# Start of session at: Wed Apr 24 10:19:46 2019
# Process ID: 14416
# Current directory: E:/Desktop/CA/7 minimipsb3/minimips
# Command line: vivado.exe -gui_launcher_event rodinguilauncherevent15524 E:\Desktop\CA\7 minimipsb3\minimips\minimips.xpr
# Log file: E:/Desktop/CA/7 minimipsb3/minimips/vivado.log
# Journal file: E:/Desktop/CA/7 minimipsb3/minimips\vivado.jou
#-----------------------------------------------------------
start_guioopen_project {E:/Desktop/CA/7 minimipsb3/minimips/minimips.xpr}
Scanning sources...
Finished scanning sources
INFO: [IP_Flow 19-234] Refreshing IP repositories
INFO: [IP_Flow 19-1704] No user IP repositories specified
INFO: [IP_Flow 19-2313] Loaded Vivado IP repository 'D:/vivado/Vivado/2018.2/data/ip'.
WARNING: [IP_Flow 19-2162] IP 'irom' is locked:
* IP definition 'Distributed Memory Generator (8.0)' for IP 'irom' (customized with software release 2014.4) has a different revision in the IP Catalog.
Please select 'Report IP Status' from the 'Tools/Report' menu or run Tcl command 'report_ip_status' for more information.
open_project: Time (s): cpu = 00:00:20 ; elapsed = 00:00:13 . Memory (MB): peak = 800.934 ; gain = 71.273
update_compile_order -fileset sources_1
update_compile_order -fileset sim_1
export_ip_user_files -of_objects  [get_files {{E:/Desktop/CA/7 minimipsb3/minimips/minimips.srcs/sources_1/imports/src/Basys3_Top.v}}] -no_script -reset -force -quiet
reexit
INFO: [Common 17-206] Exiting Vivado at Wed Apr 24 10:30:42 2019...
/imports/src/Basys3_Top.v}}
export_ip_user_files -of_objects  [get_files {{E:/Desktop/CA/7 minimipsb3/minimips/minimips.srcs/sources_1/imports/src/miniMIPS_Top.v}}] -no_script -reset -force -quiet
remove_files  {{E:/Desktop/CA/7 minimipsb3/minimips/minimips.srcs/sources_1/imports/src/miniMIPS_Top.v}}
update_compile_order -fileset sources_1
add_files -norecurse {E:/Desktop/CA/mimiMIPS_B3_v1.2/project_1/project_1.srcs/sources_1/new/Basys3_Top.v E:/Desktop/CA/mimiMIPS_B3_v1.2/project_1/project_1.srcs/sources_1/new/miniMIPS_Top.v}
update_compile_order -fileset sources_1
update_compile_order -fileset sources_1
add_files -norecurse E:/Desktop/CA/mimiMIPS_B3_v1.2/project_1/project_1.srcs/sources_1/new/CTRL.v
update_compile_order -fileset sources_1
add_files E:/Desktop/CA/mimiMIPS_B3_v1.2/project_1/project_1.srcs/sources_1/ip/inst_rom/inst_rom.xci
export_ip_user_files -of_objects  [get_files  E:/Desktop/CA/mimiMIPS_B3_v1.2/project_1/project_1.srcs/sources_1/ip/inst_rom/inst_rom.xci] -lib_map_path [list {modelsim=E:/Desktop/CA/7 minimipsb3/minimips/minimips.cache/compile_simlib/modelsim} {questa=E:/Desktop/CA/7 minimipsb3/minimips/minimips.cache/compile_simlib/questa} {riviera=E:/Desktop/CA/7 minimipsb3/minimips/minimips.cache/compile_simlib/riviera} {activehdl=E:/Desktop/CA/7 minimipsb3/minimips/minimips.cache/compile_simlib/activehdl}] -force -quiet
update_compile_order -fileset sources_1
export_ip_user_files -of_objects  [get_files {{E:/Desktop/CA/7 minimipsb3/minimips/minimips.srcs/sources_1/ip/irom/irom.xci}}] -no_script -reset -force -quiet
remove_files  -fileset irom {{E:/Desktop/CA/7 minimipsb3/minimips/minimips.srcs/sources_1/ip/irom/irom.xci}}
WARNING: [Vivado 12-1017] Problems encountered:
1. Failed to delete one or more files in run directory E:/Desktop/CA/7 minimipsb3/minimips/minimips.runs/irom_synth_1

INFO: [Project 1-386] Moving file 'E:/Desktop/CA/7 minimipsb3/minimips/minimips.srcs/sources_1/ip/irom/irom.xci' from fileset 'irom' to fileset 'sources_1'.
ERROR: [Vivado 12-106] *** Exception: java.lang.NullPointerException (See E:/Desktop/CA/7 minimipsb3/minimips/vivado_pid14416.debug)
