Vivado Simulator 2018.2
Copyright 1986-1999, 2001-2018 Xilinx, Inc. All Rights Reserved.
Running: D:/vivado/Vivado/2018.2/bin/unwrapped/win64.o/xelab.exe -wto 5f2e83d54b2a427db6a734518e95556f --incr --debug typical --relax --mt 2 -L dist_mem_gen_v8_0_12 -L xil_defaultlib -L unisims_ver -L unimacro_ver -L secureip -L xpm --snapshot simu_behav xil_defaultlib.simu xil_defaultlib.glbl -log elaborate.log 
Using 2 slave threads.
Starting static elaboration
WARNING: [VRFC 10-278] actual bit length 5 differs from formal bit length 6 for port stall [E:/Desktop/CA/mimiMIPS_B3_v1.2/project_1/project_1.srcs/sources_1/new/miniMIPS_Top.v:116]
WARNING: [VRFC 10-278] actual bit length 5 differs from formal bit length 6 for port stall [E:/Desktop/CA/mimiMIPS_B3_v1.2/project_1/project_1.srcs/sources_1/new/miniMIPS_Top.v:132]
WARNING: [VRFC 10-278] actual bit length 5 differs from formal bit length 6 for port stall [E:/Desktop/CA/mimiMIPS_B3_v1.2/project_1/project_1.srcs/sources_1/new/miniMIPS_Top.v:171]
WARNING: [VRFC 10-278] actual bit length 5 differs from formal bit length 6 for port stall [E:/Desktop/CA/mimiMIPS_B3_v1.2/project_1/project_1.srcs/sources_1/new/miniMIPS_Top.v:207]
WARNING: [VRFC 10-278] actual bit length 5 differs from formal bit length 6 for port stall [E:/Desktop/CA/mimiMIPS_B3_v1.2/project_1/project_1.srcs/sources_1/new/miniMIPS_Top.v:244]
WARNING: [VRFC 10-278] actual bit length 5 differs from formal bit length 6 for port stall [E:/Desktop/CA/mimiMIPS_B3_v1.2/project_1/project_1.srcs/sources_1/new/miniMIPS_Top.v:288]
Completed static elaboration
Starting simulation data flow analysis
Completed simulation data flow analysis
Time Resolution for simulation is 1ps
Compiling module xil_defaultlib.PC
Compiling module xil_defaultlib.IF_ID
Compiling module xil_defaultlib.ID
Compiling module xil_defaultlib.CTRL
Compiling module xil_defaultlib.RegFile
Compiling module xil_defaultlib.ID_EX
Compiling module xil_defaultlib.EX
Compiling module xil_defaultlib.EX_MEM
Compiling module xil_defaultlib.MEM
Compiling module xil_defaultlib.MEM_WB
Compiling module xil_defaultlib.WB
Compiling module xil_defaultlib.miniMIPS_Top
Compiling module dist_mem_gen_v8_0_12.dist_mem_gen_v8_0_12(C_FAMILY="a...
Compiling module xil_defaultlib.inst_rom
Compiling module xil_defaultlib.confreg
Compiling module xil_defaultlib.Basys3_Top
Compiling module xil_defaultlib.simu
Compiling module xil_defaultlib.glbl
Built simulation snapshot simu_behav
